<?xml version="1.0" encoding="UTF-8"?>
<testng-results ignored="0" total="3" passed="2" failed="1" skipped="0">
  <reporter-output>
  </reporter-output>
  <suite started-at="2022-04-12T12:44:40 ICT" name="Default suite" finished-at="2022-04-12T12:44:54 ICT" duration-ms="14490">
    <groups>
    </groups>
    <test started-at="2022-04-12T12:44:40 ICT" name="Default test" finished-at="2022-04-12T12:44:54 ICT" duration-ms="14490">
      <class name="TestASM2.Test.TestLoginExcelData">
        <test-method is-config="true" signature="init()[pri:0, instance:TestASM2.Test.TestLoginExcelData@38c6f217]" started-at="2022-04-12T12:44:40 ICT" name="init" finished-at="2022-04-12T12:44:40 ICT" duration-ms="6" status="PASS">
          <reporter-output>
          </reporter-output>
        </test-method> <!-- init -->
        <test-method is-config="true" signature="setUp()[pri:0, instance:TestASM2.Test.TestLoginExcelData@38c6f217]" started-at="2022-04-12T12:44:40 ICT" name="setUp" finished-at="2022-04-12T12:44:43 ICT" duration-ms="2724" status="PASS">
          <reporter-output>
          </reporter-output>
        </test-method> <!-- setUp -->
        <test-method signature="multiLogin(java.lang.String,java.lang.String,java.lang.String)[pri:0, instance:TestASM2.Test.TestLoginExcelData@38c6f217]" started-at="2022-04-12T12:44:43 ICT" name="multiLogin" data-provider="loginData" finished-at="2022-04-12T12:44:46 ICT" duration-ms="2781" status="PASS">
          <params>
            <param index="0">
              <value>
                <![CDATA[user2]]>
              </value>
            </param>
            <param index="1">
              <value>
                <![CDATA[123456]]>
              </value>
            </param>
            <param index="2">
              <value>
                <![CDATA[Online Entertainment]]>
              </value>
            </param>
          </params>
          <reporter-output>
          </reporter-output>
        </test-method> <!-- multiLogin -->
        <test-method is-config="true" signature="teadDown(org.testng.ITestResult)[pri:0, instance:TestASM2.Test.TestLoginExcelData@38c6f217]" started-at="2022-04-12T12:44:46 ICT" name="teadDown" finished-at="2022-04-12T12:44:46 ICT" duration-ms="200" status="PASS">
          <params>
            <param index="0">
              <value>
                <![CDATA[[TestResult name=multiLogin status=SUCCESS method=TestLoginExcelData.multiLogin(java.lang.String,java.lang.String,java.lang.String)[pri:0, instance:TestASM2.Test.TestLoginExcelData@38c6f217] output={null}]]]>
              </value>
            </param>
          </params>
          <reporter-output>
          </reporter-output>
        </test-method> <!-- teadDown -->
        <test-method is-config="true" signature="setUp()[pri:0, instance:TestASM2.Test.TestLoginExcelData@38c6f217]" started-at="2022-04-12T12:44:46 ICT" name="setUp" finished-at="2022-04-12T12:44:48 ICT" duration-ms="1554" status="PASS">
          <reporter-output>
          </reporter-output>
        </test-method> <!-- setUp -->
        <test-method signature="multiLogin(java.lang.String,java.lang.String,java.lang.String)[pri:0, instance:TestASM2.Test.TestLoginExcelData@38c6f217]" started-at="2022-04-12T12:44:48 ICT" name="multiLogin" data-provider="loginData" finished-at="2022-04-12T12:44:48 ICT" duration-ms="689" status="PASS">
          <params>
            <param index="0">
              <value>
                <![CDATA[trung123]]>
              </value>
            </param>
            <param index="1">
              <value>
                <![CDATA[1]]>
              </value>
            </param>
            <param index="2">
              <value>
                <![CDATA[Login Online Entertainment]]>
              </value>
            </param>
          </params>
          <reporter-output>
          </reporter-output>
        </test-method> <!-- multiLogin -->
        <test-method is-config="true" signature="teadDown(org.testng.ITestResult)[pri:0, instance:TestASM2.Test.TestLoginExcelData@38c6f217]" started-at="2022-04-12T12:44:48 ICT" name="teadDown" finished-at="2022-04-12T12:44:48 ICT" duration-ms="228" status="PASS">
          <params>
            <param index="0">
              <value>
                <![CDATA[[TestResult name=multiLogin status=SUCCESS method=TestLoginExcelData.multiLogin(java.lang.String,java.lang.String,java.lang.String)[pri:0, instance:TestASM2.Test.TestLoginExcelData@38c6f217] output={null}]]]>
              </value>
            </param>
          </params>
          <reporter-output>
          </reporter-output>
        </test-method> <!-- teadDown -->
        <test-method is-config="true" signature="setUp()[pri:0, instance:TestASM2.Test.TestLoginExcelData@38c6f217]" started-at="2022-04-12T12:44:48 ICT" name="setUp" finished-at="2022-04-12T12:44:50 ICT" duration-ms="1587" status="PASS">
          <reporter-output>
          </reporter-output>
        </test-method> <!-- setUp -->
        <test-method signature="multiLogin(java.lang.String,java.lang.String,java.lang.String)[pri:0, instance:TestASM2.Test.TestLoginExcelData@38c6f217]" started-at="2022-04-12T12:44:50 ICT" name="multiLogin" data-provider="loginData" finished-at="2022-04-12T12:44:53 ICT" duration-ms="2753" status="FAIL">
          <params>
            <param index="0">
              <value>
                <![CDATA[user1]]>
              </value>
            </param>
            <param index="1">
              <value>
                <![CDATA[123456]]>
              </value>
            </param>
            <param index="2">
              <value>
                <![CDATA[Login Online Entertainment]]>
              </value>
            </param>
          </params>
          <exception class="java.lang.AssertionError">
            <message>
              <![CDATA[expected [Online Entertainment] but found [Login Online Entertainment]]]>
            </message>
            <full-stacktrace>
              <![CDATA[java.lang.AssertionError: expected [Online Entertainment] but found [Login Online Entertainment]
at org.testng.Assert.fail(Assert.java:99)
at org.testng.Assert.failNotEquals(Assert.java:1037)
at org.testng.Assert.assertEqualsImpl(Assert.java:140)
at org.testng.Assert.assertEquals(Assert.java:122)
at org.testng.Assert.assertEquals(Assert.java:629)
at org.testng.Assert.assertEquals(Assert.java:639)
at TestASM2.Test.TestLoginExcelData.multiLogin(TestLoginExcelData.java:70)
at java.base/jdk.internal.reflect.NativeMethodAccessorImpl.invoke0(Native Method)
at java.base/jdk.internal.reflect.NativeMethodAccessorImpl.invoke(NativeMethodAccessorImpl.java:77)
at java.base/jdk.internal.reflect.DelegatingMethodAccessorImpl.invoke(DelegatingMethodAccessorImpl.java:43)
at java.base/java.lang.reflect.Method.invoke(Method.java:568)
at org.testng.internal.MethodInvocationHelper.invokeMethod(MethodInvocationHelper.java:133)
at org.testng.internal.TestInvoker.invokeMethod(TestInvoker.java:598)
at org.testng.internal.TestInvoker.invokeTestMethod(TestInvoker.java:173)
at org.testng.internal.MethodRunner.runInSequence(MethodRunner.java:46)
at org.testng.internal.TestInvoker$MethodInvocationAgent.invoke(TestInvoker.java:824)
at org.testng.internal.TestInvoker.invokeTestMethods(TestInvoker.java:146)
at org.testng.internal.TestMethodWorker.invokeTestMethods(TestMethodWorker.java:146)
at org.testng.internal.TestMethodWorker.run(TestMethodWorker.java:128)
at java.base/java.util.ArrayList.forEach(ArrayList.java:1511)
at org.testng.TestRunner.privateRun(TestRunner.java:794)
at org.testng.TestRunner.run(TestRunner.java:596)
at org.testng.SuiteRunner.runTest(SuiteRunner.java:377)
at org.testng.SuiteRunner.runSequentially(SuiteRunner.java:371)
at org.testng.SuiteRunner.privateRun(SuiteRunner.java:332)
at org.testng.SuiteRunner.run(SuiteRunner.java:276)
at org.testng.SuiteRunnerWorker.runSuite(SuiteRunnerWorker.java:53)
at org.testng.SuiteRunnerWorker.run(SuiteRunnerWorker.java:96)
at org.testng.TestNG.runSuitesSequentially(TestNG.java:1212)
at org.testng.TestNG.runSuitesLocally(TestNG.java:1134)
at org.testng.TestNG.runSuites(TestNG.java:1063)
at org.testng.TestNG.run(TestNG.java:1031)
at org.testng.remote.AbstractRemoteTestNG.run(AbstractRemoteTestNG.java:115)
at org.testng.remote.RemoteTestNG.initAndRun(RemoteTestNG.java:251)
at org.testng.remote.RemoteTestNG.main(RemoteTestNG.java:77)
]]>
            </full-stacktrace>
          </exception> <!-- java.lang.AssertionError -->
          <reporter-output>
          </reporter-output>
        </test-method> <!-- multiLogin -->
        <test-method is-config="true" signature="teadDown(org.testng.ITestResult)[pri:0, instance:TestASM2.Test.TestLoginExcelData@38c6f217]" started-at="2022-04-12T12:44:53 ICT" name="teadDown" finished-at="2022-04-12T12:44:54 ICT" duration-ms="670" status="PASS">
          <params>
            <param index="0">
              <value>
                <![CDATA[[TestResult name=multiLogin status=FAILURE method=TestLoginExcelData.multiLogin(java.lang.String,java.lang.String,java.lang.String)[pri:0, instance:TestASM2.Test.TestLoginExcelData@38c6f217] output={null}]]]>
              </value>
            </param>
          </params>
          <reporter-output>
          </reporter-output>
        </test-method> <!-- teadDown -->
        <test-method is-config="true" signature="destroy()[pri:0, instance:TestASM2.Test.TestLoginExcelData@38c6f217]" started-at="2022-04-12T12:44:54 ICT" name="destroy" finished-at="2022-04-12T12:44:54 ICT" duration-ms="505" status="PASS">
          <reporter-output>
          </reporter-output>
        </test-method> <!-- destroy -->
      </class> <!-- TestASM2.Test.TestLoginExcelData -->
    </test> <!-- Default test -->
  </suite> <!-- Default suite -->
</testng-results>
